c:\studia\pnpz\vhd\debug\vc140.pdb
c:\studia\pnpz\vhd\debug\.netframework,version=v4.5.2.assemblyattributes.obj
c:\studia\pnpz\vhd\debug\.netframework,version=v4.5.2.assemblyattributes.asm
c:\studia\pnpz\vhd\debug\mainform.obj
c:\studia\pnpz\vhd\debug\vhd.exe
c:\studia\pnpz\vhd\debug\vhd.pdb
d:\sem6\pnpz\vhd\vhdapp\debug\vhd.exe
d:\sem6\pnpz\vhd\vhdapp\debug\vhd.pdb
c:\studia\pnpz\vhd\debug\vhd.mainform.resources
c:\studia\pnpz\vhd\debug\vhd.vcxproj.generateresource.cache
c:\studia\pnpz\vhd\debug\vhd.vcxprojresolveassemblyreference.cache
c:\studia\pnpz\vhd\debug\vhd.exe.metagen
c:\studia\pnpz\vhd\debug\vhd.tlog\cl.command.1.tlog
c:\studia\pnpz\vhd\debug\vhd.tlog\cl.read.1.tlog
c:\studia\pnpz\vhd\debug\vhd.tlog\cl.write.1.tlog
c:\studia\pnpz\vhd\debug\vhd.tlog\link.command.1.tlog
c:\studia\pnpz\vhd\debug\vhd.tlog\link.read.1.tlog
c:\studia\pnpz\vhd\debug\vhd.tlog\link.write.1.tlog
c:\studia\pnpz\vhd\debug\vhd.tlog\metagen.read.1.tlog
c:\studia\pnpz\vhd\debug\vhd.tlog\metagen.write.1.tlog
c:\studia\pnpz\vhd\debug\vhd.tlog\vhd.write.1u.tlog
c:\studia\pnpz\vhd\debug\vhd.tlog\tzres.dll.bi
